[2024-10-24T16:57:49.077+0000] {taskinstance.py:1083} INFO - Dependencies all met for <TaskInstance: example_bash_operator.also_run_this scheduled__2024-10-23T00:00:00+00:00 [queued]>
[2024-10-24T16:57:49.090+0000] {taskinstance.py:1083} INFO - Dependencies all met for <TaskInstance: example_bash_operator.also_run_this scheduled__2024-10-23T00:00:00+00:00 [queued]>
[2024-10-24T16:57:49.090+0000] {taskinstance.py:1279} INFO - 
--------------------------------------------------------------------------------
[2024-10-24T16:57:49.090+0000] {taskinstance.py:1280} INFO - Starting attempt 1 of 1
[2024-10-24T16:57:49.090+0000] {taskinstance.py:1281} INFO - 
--------------------------------------------------------------------------------
[2024-10-24T16:57:49.118+0000] {taskinstance.py:1300} INFO - Executing <Task(BashOperator): also_run_this> on 2024-10-23 00:00:00+00:00
[2024-10-24T16:57:49.123+0000] {standard_task_runner.py:55} INFO - Started process 55 to run task
[2024-10-24T16:57:49.133+0000] {standard_task_runner.py:82} INFO - Running: ['***', 'tasks', 'run', 'example_bash_operator', 'also_run_this', 'scheduled__2024-10-23T00:00:00+00:00', '--job-id', '14', '--raw', '--subdir', '/home/***/.local/lib/python3.7/site-packages/***/example_dags/example_bash_operator.py', '--cfg-path', '/tmp/tmpx9xaoxxf']
[2024-10-24T16:57:49.134+0000] {standard_task_runner.py:83} INFO - Job 14: Subtask also_run_this
[2024-10-24T16:57:49.262+0000] {task_command.py:388} INFO - Running <TaskInstance: example_bash_operator.also_run_this scheduled__2024-10-23T00:00:00+00:00 [running]> on host 099f23d1150d
[2024-10-24T16:57:49.401+0000] {taskinstance.py:1509} INFO - Exporting the following env vars:
AIRFLOW_CTX_DAG_OWNER=***
AIRFLOW_CTX_DAG_ID=example_bash_operator
AIRFLOW_CTX_TASK_ID=also_run_this
AIRFLOW_CTX_EXECUTION_DATE=2024-10-23T00:00:00+00:00
AIRFLOW_CTX_TRY_NUMBER=1
AIRFLOW_CTX_DAG_RUN_ID=scheduled__2024-10-23T00:00:00+00:00
[2024-10-24T16:57:49.402+0000] {subprocess.py:63} INFO - Tmp dir root location: 
 /tmp
[2024-10-24T16:57:49.402+0000] {subprocess.py:75} INFO - Running command: ['/bin/bash', '-c', 'echo "ti_key=example_bash_operator__also_run_this__20241023"']
[2024-10-24T16:57:49.428+0000] {subprocess.py:86} INFO - Output:
[2024-10-24T16:57:49.431+0000] {subprocess.py:93} INFO - ti_key=example_bash_operator__also_run_this__20241023
[2024-10-24T16:57:49.440+0000] {subprocess.py:97} INFO - Command exited with return code 0
[2024-10-24T16:57:49.488+0000] {taskinstance.py:1323} INFO - Marking task as SUCCESS. dag_id=example_bash_operator, task_id=also_run_this, execution_date=20241023T000000, start_date=20241024T165749, end_date=20241024T165749
[2024-10-24T16:57:49.523+0000] {local_task_job.py:208} INFO - Task exited with return code 0
[2024-10-24T16:57:49.552+0000] {taskinstance.py:2578} INFO - 0 downstream tasks scheduled from follow-on schedule check
