[2024-10-23T16:55:44.443+0000] {taskinstance.py:1083} INFO - Dependencies all met for <TaskInstance: example_bash_operator.runme_1 scheduled__2024-10-22T00:00:00+00:00 [queued]>
[2024-10-23T16:55:44.467+0000] {taskinstance.py:1083} INFO - Dependencies all met for <TaskInstance: example_bash_operator.runme_1 scheduled__2024-10-22T00:00:00+00:00 [queued]>
[2024-10-23T16:55:44.468+0000] {taskinstance.py:1279} INFO - 
--------------------------------------------------------------------------------
[2024-10-23T16:55:44.468+0000] {taskinstance.py:1280} INFO - Starting attempt 1 of 1
[2024-10-23T16:55:44.469+0000] {taskinstance.py:1281} INFO - 
--------------------------------------------------------------------------------
[2024-10-23T16:55:44.499+0000] {taskinstance.py:1300} INFO - Executing <Task(BashOperator): runme_1> on 2024-10-22 00:00:00+00:00
[2024-10-23T16:55:44.506+0000] {standard_task_runner.py:55} INFO - Started process 3971 to run task
[2024-10-23T16:55:44.509+0000] {standard_task_runner.py:82} INFO - Running: ['***', 'tasks', 'run', 'example_bash_operator', 'runme_1', 'scheduled__2024-10-22T00:00:00+00:00', '--job-id', '7', '--raw', '--subdir', '/home/***/.local/lib/python3.7/site-packages/***/example_dags/example_bash_operator.py', '--cfg-path', '/tmp/tmpyqhuiopw']
[2024-10-23T16:55:44.510+0000] {standard_task_runner.py:83} INFO - Job 7: Subtask runme_1
[2024-10-23T16:55:44.633+0000] {task_command.py:388} INFO - Running <TaskInstance: example_bash_operator.runme_1 scheduled__2024-10-22T00:00:00+00:00 [running]> on host 099f23d1150d
[2024-10-23T16:55:44.809+0000] {taskinstance.py:1509} INFO - Exporting the following env vars:
AIRFLOW_CTX_DAG_OWNER=***
AIRFLOW_CTX_DAG_ID=example_bash_operator
AIRFLOW_CTX_TASK_ID=runme_1
AIRFLOW_CTX_EXECUTION_DATE=2024-10-22T00:00:00+00:00
AIRFLOW_CTX_TRY_NUMBER=1
AIRFLOW_CTX_DAG_RUN_ID=scheduled__2024-10-22T00:00:00+00:00
[2024-10-23T16:55:44.810+0000] {subprocess.py:63} INFO - Tmp dir root location: 
 /tmp
[2024-10-23T16:55:44.811+0000] {subprocess.py:75} INFO - Running command: ['/bin/bash', '-c', 'echo "example_bash_operator__runme_1__20241022" && sleep 1']
[2024-10-23T16:55:44.826+0000] {subprocess.py:86} INFO - Output:
[2024-10-23T16:55:44.828+0000] {subprocess.py:93} INFO - example_bash_operator__runme_1__20241022
[2024-10-23T16:55:45.831+0000] {subprocess.py:97} INFO - Command exited with return code 0
[2024-10-23T16:55:45.880+0000] {taskinstance.py:1323} INFO - Marking task as SUCCESS. dag_id=example_bash_operator, task_id=runme_1, execution_date=20241022T000000, start_date=20241023T165544, end_date=20241023T165545
[2024-10-23T16:55:45.944+0000] {local_task_job.py:208} INFO - Task exited with return code 0
[2024-10-23T16:55:45.980+0000] {taskinstance.py:2578} INFO - 0 downstream tasks scheduled from follow-on schedule check
