[2024-10-24T16:57:51.265+0000] {taskinstance.py:1083} INFO - Dependencies all met for <TaskInstance: example_bash_operator.run_after_loop scheduled__2024-10-23T00:00:00+00:00 [queued]>
[2024-10-24T16:57:51.276+0000] {taskinstance.py:1083} INFO - Dependencies all met for <TaskInstance: example_bash_operator.run_after_loop scheduled__2024-10-23T00:00:00+00:00 [queued]>
[2024-10-24T16:57:51.276+0000] {taskinstance.py:1279} INFO - 
--------------------------------------------------------------------------------
[2024-10-24T16:57:51.276+0000] {taskinstance.py:1280} INFO - Starting attempt 1 of 1
[2024-10-24T16:57:51.276+0000] {taskinstance.py:1281} INFO - 
--------------------------------------------------------------------------------
[2024-10-24T16:57:51.295+0000] {taskinstance.py:1300} INFO - Executing <Task(BashOperator): run_after_loop> on 2024-10-23 00:00:00+00:00
[2024-10-24T16:57:51.299+0000] {standard_task_runner.py:55} INFO - Started process 66 to run task
[2024-10-24T16:57:51.302+0000] {standard_task_runner.py:82} INFO - Running: ['***', 'tasks', 'run', 'example_bash_operator', 'run_after_loop', 'scheduled__2024-10-23T00:00:00+00:00', '--job-id', '18', '--raw', '--subdir', '/home/***/.local/lib/python3.7/site-packages/***/example_dags/example_bash_operator.py', '--cfg-path', '/tmp/tmpzzik8xfq']
[2024-10-24T16:57:51.302+0000] {standard_task_runner.py:83} INFO - Job 18: Subtask run_after_loop
[2024-10-24T16:57:51.376+0000] {task_command.py:388} INFO - Running <TaskInstance: example_bash_operator.run_after_loop scheduled__2024-10-23T00:00:00+00:00 [running]> on host 099f23d1150d
[2024-10-24T16:57:51.461+0000] {taskinstance.py:1509} INFO - Exporting the following env vars:
AIRFLOW_CTX_DAG_OWNER=***
AIRFLOW_CTX_DAG_ID=example_bash_operator
AIRFLOW_CTX_TASK_ID=run_after_loop
AIRFLOW_CTX_EXECUTION_DATE=2024-10-23T00:00:00+00:00
AIRFLOW_CTX_TRY_NUMBER=1
AIRFLOW_CTX_DAG_RUN_ID=scheduled__2024-10-23T00:00:00+00:00
[2024-10-24T16:57:51.462+0000] {subprocess.py:63} INFO - Tmp dir root location: 
 /tmp
[2024-10-24T16:57:51.463+0000] {subprocess.py:75} INFO - Running command: ['/bin/bash', '-c', 'echo 1']
[2024-10-24T16:57:51.473+0000] {subprocess.py:86} INFO - Output:
[2024-10-24T16:57:51.475+0000] {subprocess.py:93} INFO - 1
[2024-10-24T16:57:51.475+0000] {subprocess.py:97} INFO - Command exited with return code 0
[2024-10-24T16:57:51.507+0000] {taskinstance.py:1323} INFO - Marking task as SUCCESS. dag_id=example_bash_operator, task_id=run_after_loop, execution_date=20241023T000000, start_date=20241024T165751, end_date=20241024T165751
[2024-10-24T16:57:51.555+0000] {local_task_job.py:208} INFO - Task exited with return code 0
[2024-10-24T16:57:51.576+0000] {taskinstance.py:2578} INFO - 0 downstream tasks scheduled from follow-on schedule check
