[2024-10-23T16:55:46.944+0000] {taskinstance.py:1083} INFO - Dependencies all met for <TaskInstance: example_bash_operator.run_after_loop scheduled__2024-10-22T00:00:00+00:00 [queued]>
[2024-10-23T16:55:46.958+0000] {taskinstance.py:1083} INFO - Dependencies all met for <TaskInstance: example_bash_operator.run_after_loop scheduled__2024-10-22T00:00:00+00:00 [queued]>
[2024-10-23T16:55:46.959+0000] {taskinstance.py:1279} INFO - 
--------------------------------------------------------------------------------
[2024-10-23T16:55:46.959+0000] {taskinstance.py:1280} INFO - Starting attempt 1 of 1
[2024-10-23T16:55:46.959+0000] {taskinstance.py:1281} INFO - 
--------------------------------------------------------------------------------
[2024-10-23T16:55:46.983+0000] {taskinstance.py:1300} INFO - Executing <Task(BashOperator): run_after_loop> on 2024-10-22 00:00:00+00:00
[2024-10-23T16:55:46.990+0000] {standard_task_runner.py:55} INFO - Started process 3983 to run task
[2024-10-23T16:55:46.993+0000] {standard_task_runner.py:82} INFO - Running: ['***', 'tasks', 'run', 'example_bash_operator', 'run_after_loop', 'scheduled__2024-10-22T00:00:00+00:00', '--job-id', '10', '--raw', '--subdir', '/home/***/.local/lib/python3.7/site-packages/***/example_dags/example_bash_operator.py', '--cfg-path', '/tmp/tmp4yx6b1dg']
[2024-10-23T16:55:46.994+0000] {standard_task_runner.py:83} INFO - Job 10: Subtask run_after_loop
[2024-10-23T16:55:47.092+0000] {task_command.py:388} INFO - Running <TaskInstance: example_bash_operator.run_after_loop scheduled__2024-10-22T00:00:00+00:00 [running]> on host 099f23d1150d
[2024-10-23T16:55:47.191+0000] {taskinstance.py:1509} INFO - Exporting the following env vars:
AIRFLOW_CTX_DAG_OWNER=***
AIRFLOW_CTX_DAG_ID=example_bash_operator
AIRFLOW_CTX_TASK_ID=run_after_loop
AIRFLOW_CTX_EXECUTION_DATE=2024-10-22T00:00:00+00:00
AIRFLOW_CTX_TRY_NUMBER=1
AIRFLOW_CTX_DAG_RUN_ID=scheduled__2024-10-22T00:00:00+00:00
[2024-10-23T16:55:47.193+0000] {subprocess.py:63} INFO - Tmp dir root location: 
 /tmp
[2024-10-23T16:55:47.193+0000] {subprocess.py:75} INFO - Running command: ['/bin/bash', '-c', 'echo 1']
[2024-10-23T16:55:47.212+0000] {subprocess.py:86} INFO - Output:
[2024-10-23T16:55:47.213+0000] {subprocess.py:93} INFO - 1
[2024-10-23T16:55:47.214+0000] {subprocess.py:97} INFO - Command exited with return code 0
[2024-10-23T16:55:47.247+0000] {taskinstance.py:1323} INFO - Marking task as SUCCESS. dag_id=example_bash_operator, task_id=run_after_loop, execution_date=20241022T000000, start_date=20241023T165546, end_date=20241023T165547
[2024-10-23T16:55:47.294+0000] {local_task_job.py:208} INFO - Task exited with return code 0
[2024-10-23T16:55:47.322+0000] {taskinstance.py:2578} INFO - 0 downstream tasks scheduled from follow-on schedule check
